Build started 29.07.2021 14:40:33.
     1>Project "C:\Users\Yerkebulan Laptop\Desktop\Modding\GRAI\src\utils\vvis_launcher\vvis_launcher.vcxproj" on node 5 (Rebuild target(s)).
     1>PreBuildEvent:
         if EXIST ..\..\..\game\bin\.\vvis.exe for /f "delims=" %%A in ('attrib "..\..\..\game\bin\.\vvis.exe"') do set valveTmpIsReadOnly="%%A"
         set valveTmpIsReadOnlyLetter=%valveTmpIsReadOnly:~6,1%
         if "%valveTmpIsReadOnlyLetter%"=="R" del /q "C:\Users\Yerkebulan Laptop\Desktop\Modding\GRAI\src\utils\vvis_launcher\Release\"vvis.exe
         if exist "..\..\devtools\bin\vpc.exe" "..\..\devtools\bin\vpc.exe" -crc2 "vvis_launcher.vcxproj"
         if ERRORLEVEL 1 exit /b 1
         
         :VCEnd
       CustomBuild:
         Compiling pointeroverride.asm
          Assembling: C:\Users\Yerkebulan Laptop\Desktop\Modding\GRAI\src\public\tier0\pointeroverride.asm
         Microsoft (R) Macro Assembler Version 12.00.40629.0
         Copyright (C) Microsoft Corporation.  All rights reserved.
         
         Running VPC CRC Check - vvis_launcher.vpc
         Access is denied.
       ClCompile:
         C:\Program Files (x86)\Microsoft Visual Studio 12.0\VC\bin\CL.exe /c /I..\..\common /I..\..\public /I..\..\public\tier0 /I..\..\public\tier1 /I..\common /Zi /nologo /W4 /WX /MP /O2 /Ob2 /Oi /Ot /Oy- /D VPC /D RAD_TELEMETRY_DISABLED /D WIN32 /D _WIN32 /D NDEBUG /D _WINDOWS /D _CRT_SECURE_NO_DEPRECATE /D _CRT_NONSTDC_NO_DEPRECATE /D _ALLOW_RUNTIME_LIBRARY_MISMATCH /D _ALLOW_ITERATOR_DEBUG_LEVEL_MISMATCH /D _ALLOW_MSC_VER_MISMATCH /D _USING_V110_SDK71_ /D _MBCS /D COMPILER_MSVC32 /D COMPILER_MSVC32 /D COMPILER_MSVC /D EXENAME=vvis /D _DLL_EXT=.dll /D DEV_BUILD /D FRAME_POINTER_OMISSION_DISABLED /D _EXTERNAL_DLL_EXT=.dll /D VPCGAMECAPS=VALVE /D "PROJECTDIR=C:\Users\Yerkebulan Laptop\Desktop\Modding\GRAI\src\utils\vvis_launcher" /D _DLL_EXT=.dll /D VPCGAME=valve /D SOURCE1=1 /GF /Gm- /MT /GS /Gy /arch:SSE /fp:fast /Zc:wchar_t /Zc:forScope /GR /openmp- /Yc"stdafx.h" /Fp"Debug/vvis_launcher.pch" /Fo".\Release\.\/" /Fd".\Release\.\/vc120.pdb" /Gd /TP /wd4316 /analyze- /FC /errorReport:prompt  /d2Zi+ /Gw StdAfx.cpp
         StdAfx.cpp
         C:\Program Files (x86)\Microsoft Visual Studio 12.0\VC\bin\CL.exe /c /I..\..\common /I..\..\public /I..\..\public\tier0 /I..\..\public\tier1 /I..\common /Zi /nologo /W4 /WX /MP /O2 /Ob2 /Oi /Ot /Oy- /D VPC /D RAD_TELEMETRY_DISABLED /D WIN32 /D _WIN32 /D NDEBUG /D _WINDOWS /D _CRT_SECURE_NO_DEPRECATE /D _CRT_NONSTDC_NO_DEPRECATE /D _ALLOW_RUNTIME_LIBRARY_MISMATCH /D _ALLOW_ITERATOR_DEBUG_LEVEL_MISMATCH /D _ALLOW_MSC_VER_MISMATCH /D _USING_V110_SDK71_ /D _MBCS /D COMPILER_MSVC32 /D COMPILER_MSVC32 /D COMPILER_MSVC /D EXENAME=vvis /D _DLL_EXT=.dll /D DEV_BUILD /D FRAME_POINTER_OMISSION_DISABLED /D _EXTERNAL_DLL_EXT=.dll /D VPCGAMECAPS=VALVE /D "PROJECTDIR=C:\Users\Yerkebulan Laptop\Desktop\Modding\GRAI\src\utils\vvis_launcher" /D _DLL_EXT=.dll /D VPCGAME=valve /D SOURCE1=1 /GF /Gm- /MT /GS /Gy /arch:SSE /fp:fast /Zc:wchar_t /Zc:forScope /GR /openmp- /Fo".\Release\.\/" /Fd".\Release\.\/vc120.pdb" /Gd /TP /wd4316 /analyze- /FC /errorReport:prompt  /d2Zi+ /Gw ..\..\public\tier0\memoverride.cpp
         memoverride.cpp
         C:\Program Files (x86)\Microsoft Visual Studio 12.0\VC\bin\CL.exe /c /I..\..\common /I..\..\public /I..\..\public\tier0 /I..\..\public\tier1 /I..\common /Zi /nologo /W4 /WX /MP /O2 /Ob2 /Oi /Ot /Oy- /D VPC /D RAD_TELEMETRY_DISABLED /D WIN32 /D _WIN32 /D NDEBUG /D _WINDOWS /D _CRT_SECURE_NO_DEPRECATE /D _CRT_NONSTDC_NO_DEPRECATE /D _ALLOW_RUNTIME_LIBRARY_MISMATCH /D _ALLOW_ITERATOR_DEBUG_LEVEL_MISMATCH /D _ALLOW_MSC_VER_MISMATCH /D _USING_V110_SDK71_ /D _MBCS /D COMPILER_MSVC32 /D COMPILER_MSVC32 /D COMPILER_MSVC /D EXENAME=vvis /D _DLL_EXT=.dll /D DEV_BUILD /D FRAME_POINTER_OMISSION_DISABLED /D _EXTERNAL_DLL_EXT=.dll /D VPCGAMECAPS=VALVE /D "PROJECTDIR=C:\Users\Yerkebulan Laptop\Desktop\Modding\GRAI\src\utils\vvis_launcher" /D _DLL_EXT=.dll /D VPCGAME=valve /D SOURCE1=1 /GF /Gm- /MT /GS /Gy /arch:SSE /fp:fast /Zc:wchar_t /Zc:forScope /GR /openmp- /Yu"stdafx.h" /Fp"Debug/vvis_launcher.pch" /Fo".\Release\.\/" /Fd".\Release\.\/vc120.pdb" /Gd /TP /wd4316 /analyze- /FC /errorReport:prompt  /d2Zi+ /Gw vvis_launcher.cpp
         vvis_launcher.cpp
       Link:
         C:\Program Files (x86)\Microsoft Visual Studio 12.0\VC\bin\link.exe /ERRORREPORT:PROMPT /OUT:".\Release\.\\vvis.exe" /INCREMENTAL:NO /NOLOGO shell32.lib user32.lib advapi32.lib gdi32.lib comdlg32.lib ole32.lib /NODEFAULTLIB:libc /NODEFAULTLIB:libcd /NODEFAULTLIB:libcmtd /MANIFEST /MANIFESTUAC:"level='asInvoker' uiAccess='false'" /manifest:embed /DEBUG /PDB:".\Release\.\/vvis.pdb" /SUBSYSTEM:CONSOLE,"5.01" /OPT:REF /OPT:NOICF /TLBID:1 /DYNAMICBASE:NO /NXCOMPAT /IMPLIB:".\Release\.\vvis.lib" /MACHINE:X86 /SAFESEH:NO /NXCOMPAT /ignore:4221 .\Release\.\\pointeroverride.obj
         .\Release\.\/memoverride.obj
         .\Release\.\/StdAfx.obj
         .\Release\.\/vvis_launcher.obj
         ..\..\lib\public\tier0.lib
         ..\..\lib\public\tier1.lib
         ..\..\lib\public\vstdlib.lib
            Creating library .\Release\.\vvis.lib and object .\Release\.\vvis.exp
         vvis_launcher.vcxproj -> C:\Users\Yerkebulan Laptop\Desktop\Modding\GRAI\src\utils\vvis_launcher\.\Release\.\vvis.exe
       PostBuildEvent:
         copy "C:\Users\Yerkebulan Laptop\Desktop\Modding\GRAI\src\utils\vvis_launcher\Release\"vvis.exe ..\..\..\game\bin\.\vvis.exe >nul
         if ERRORLEVEL 1 goto BuildEventFailed
         if exist "C:\Users\Yerkebulan Laptop\Desktop\Modding\GRAI\src\utils\vvis_launcher\Release\"vvis.map copy "C:\Users\Yerkebulan Laptop\Desktop\Modding\GRAI\src\utils\vvis_launcher\Release\"vvis.map ..\..\..\game\bin\.\vvis.map >nul
         copy "C:\Users\Yerkebulan Laptop\Desktop\Modding\GRAI\src\utils\vvis_launcher\Release\"vvis.pdb ..\..\..\game\bin\.\vvis.pdb >nul
         if ERRORLEVEL 1 goto BuildEventFailed
         goto BuildEventOK
         :BuildEventFailed
         echo *** ERROR! PostBuildStep FAILED for Vvis_launcher! EXE or DLL is probably running. ***
         del /q "C:\Users\Yerkebulan Laptop\Desktop\Modding\GRAI\src\utils\vvis_launcher\Release\"vvis.exe
         exit 1
         :BuildEventOK
         
         :VCEnd
     1>Done Building Project "C:\Users\Yerkebulan Laptop\Desktop\Modding\GRAI\src\utils\vvis_launcher\vvis_launcher.vcxproj" (Rebuild target(s)).

Build succeeded.

Time Elapsed 00:00:05.52
