Build started 29.07.2021 14:39:47.
     1>Project "C:\Users\Yerkebulan Laptop\Desktop\Modding\GRAI\src\fgdlib\fgdlib.vcxproj" on node 2 (Rebuild target(s)).
     1>PreBuildEvent:
         if EXIST ..\lib\public\.\fgdlib.lib ( for /f "delims=" %%A in ('attrib "..\lib\public\.\fgdlib.lib"') do set valveTmpIsReadOnly="%%A"
         ) else ( if not EXIST ..\lib\public\. mkdir ..\lib\public\. )
         set valveTmpIsReadOnlyLetter=%valveTmpIsReadOnly:~6,1%
         if "%valveTmpIsReadOnlyLetter%"=="R" (
             attrib -r ..\lib\public\.\fgdlib.lib
             ..\devtools\bin\gnu\touch.exe -d "1999-01-01" ..\lib\public\.\fgdlib.lib
             attrib +r ..\lib\public\.\fgdlib.lib
         )
         if exist "..\devtools\bin\vpc.exe" "..\devtools\bin\vpc.exe" -crc2 "fgdlib.vcxproj"
         if ERRORLEVEL 1 exit /b 1
         
         :VCEnd
       CustomBuild:
         Running VPC CRC Check - fgdlib.vpc
         Access is denied.
       ClCompile:
         C:\Program Files (x86)\Microsoft Visual Studio 12.0\VC\bin\CL.exe /c /I..\common /I..\public /I..\public\tier0 /I..\public\tier1 /I..\utils\common /Z7 /nologo /W4 /WX /MP /O2 /Ob2 /Oi /Ot /Oy- /D VPC /D RAD_TELEMETRY_DISABLED /D WIN32 /D _WIN32 /D NDEBUG /D _LIB /D _CRT_SECURE_NO_DEPRECATE /D _CRT_NONSTDC_NO_DEPRECATE /D _ALLOW_RUNTIME_LIBRARY_MISMATCH /D _ALLOW_ITERATOR_DEBUG_LEVEL_MISMATCH /D _ALLOW_MSC_VER_MISMATCH /D _USING_V110_SDK71_ /D _MBCS /D COMPILER_MSVC32 /D COMPILER_MSVC32 /D COMPILER_MSVC /D _DLL_EXT=.dll /D LIBNAME=fgdlib /D BINK_VIDEO /D AVI_VIDEO /D WMV_VIDEO /D DEV_BUILD /D FRAME_POINTER_OMISSION_DISABLED /D _EXTERNAL_DLL_EXT=.dll /D VPCGAMECAPS=VALVE /D "PROJECTDIR=C:\Users\Yerkebulan Laptop\Desktop\Modding\GRAI\src\fgdlib" /D _DLL_EXT=.dll /D VPCGAME=valve /D SOURCE1=1 /GF /Gm- /MT /GS /Gy /arch:SSE /fp:fast /Zc:wchar_t /Zc:forScope /GR /openmp- /Fo".\Release\.\/" /Fd".\Release\.\/vc120.pdb" /Gd /TP /wd4316 /analyze- /FC /errorReport:prompt /d2Zi+ /Gw gamedata.cpp gdclass.cpp gdvar.cpp inputoutput.cpp wckeyvalues.cpp
         gamedata.cpp
         gdclass.cpp
         gdvar.cpp
         inputoutput.cpp
         wckeyvalues.cpp
       Lib:
         C:\Program Files (x86)\Microsoft Visual Studio 12.0\VC\bin\Lib.exe /OUT:"..\lib\public\.\fgdlib.lib" /NOLOGO  /ignore:4221 .\Release\.\/gamedata.obj
         .\Release\.\/gdclass.obj
         .\Release\.\/gdvar.obj
         .\Release\.\/inputoutput.obj
         .\Release\.\/wckeyvalues.obj
         fgdlib.vcxproj -> C:\Users\Yerkebulan Laptop\Desktop\Modding\GRAI\src\fgdlib\..\lib\public\.\fgdlib.lib
     1>Done Building Project "C:\Users\Yerkebulan Laptop\Desktop\Modding\GRAI\src\fgdlib\fgdlib.vcxproj" (Rebuild target(s)).

Build succeeded.

Time Elapsed 00:00:11.58
