Build started 29.07.2021 14:40:17.
     1>Project "C:\Users\Yerkebulan Laptop\Desktop\Modding\GRAI\src\utils\vice\vice.vcxproj" on node 12 (Rebuild target(s)).
     1>PreBuildEvent:
         if EXIST ..\..\..\game\bin\.\vice.exe for /f "delims=" %%A in ('attrib "..\..\..\game\bin\.\vice.exe"') do set valveTmpIsReadOnly="%%A"
         set valveTmpIsReadOnlyLetter=%valveTmpIsReadOnly:~6,1%
         if "%valveTmpIsReadOnlyLetter%"=="R" del /q "C:\Users\Yerkebulan Laptop\Desktop\Modding\GRAI\src\utils\vice\Release\"vice.exe
         if exist "..\..\devtools\bin\vpc.exe" "..\..\devtools\bin\vpc.exe" -crc2 "vice.vcxproj"
         if ERRORLEVEL 1 exit /b 1
         
         :VCEnd
       CustomBuild:
         Compiling pointeroverride.asm
          Assembling: C:\Users\Yerkebulan Laptop\Desktop\Modding\GRAI\src\public\tier0\pointeroverride.asm
         Microsoft (R) Macro Assembler Version 12.00.40629.0
         Copyright (C) Microsoft Corporation.  All rights reserved.
         
         Running VPC CRC Check - vice.vpc
         Access is denied.
       ClCompile:
         C:\Program Files (x86)\Microsoft Visual Studio 12.0\VC\bin\CL.exe /c /I..\..\common /I..\..\public /I..\..\public\tier0 /I..\..\public\tier1 /I..\common /Zi /nologo /W4 /WX /MP /O2 /Ob2 /Oi /Ot /Oy- /D VPC /D RAD_TELEMETRY_DISABLED /D WIN32 /D _WIN32 /D NDEBUG /D _WINDOWS /D _CRT_SECURE_NO_DEPRECATE /D _CRT_NONSTDC_NO_DEPRECATE /D _ALLOW_RUNTIME_LIBRARY_MISMATCH /D _ALLOW_ITERATOR_DEBUG_LEVEL_MISMATCH /D _ALLOW_MSC_VER_MISMATCH /D _USING_V110_SDK71_ /D _MBCS /D COMPILER_MSVC32 /D COMPILER_MSVC32 /D COMPILER_MSVC /D EXENAME=vice /D _DLL_EXT=.dll /D DEV_BUILD /D FRAME_POINTER_OMISSION_DISABLED /D _EXTERNAL_DLL_EXT=.dll /D VPCGAMECAPS=VALVE /D "PROJECTDIR=C:\Users\Yerkebulan Laptop\Desktop\Modding\GRAI\src\utils\vice" /D _DLL_EXT=.dll /D SOURCE1=1 /D VPCGAME=valve /GF /Gm- /MT /GS /Gy /arch:SSE /fp:fast /Zc:wchar_t /Zc:forScope /GR /openmp- /Fo".\Release\.\/" /Fd".\Release\.\/vc120.pdb" /Gd /TP /wd4316 /analyze- /FC /errorReport:prompt  /d2Zi+ /Gw ..\common\cmdlib.cpp ..\..\public\filesystem_helpers.cpp ..\..\public\filesystem_init.cpp ..\common\filesystem_tools.cpp ..\..\public\tier0\memoverride.cpp vice.cpp
         cmdlib.cpp
         filesystem_helpers.cpp
         filesystem_init.cpp
         filesystem_tools.cpp
         memoverride.cpp
         vice.cpp
       Link:
         C:\Program Files (x86)\Microsoft Visual Studio 12.0\VC\bin\link.exe /ERRORREPORT:PROMPT /OUT:".\Release\.\\vice.exe" /INCREMENTAL:NO /NOLOGO shell32.lib user32.lib advapi32.lib gdi32.lib comdlg32.lib ole32.lib /NODEFAULTLIB:libc /NODEFAULTLIB:libcd /NODEFAULTLIB:libcmtd /MANIFEST /MANIFESTUAC:"level='asInvoker' uiAccess='false'" /manifest:embed /DEBUG /PDB:".\Release\.\/vice.pdb" /SUBSYSTEM:CONSOLE,"5.01" /OPT:REF /OPT:NOICF /TLBID:1 /DYNAMICBASE:NO /NXCOMPAT /IMPLIB:".\Release\.\vice.lib" /MACHINE:X86 /SAFESEH:NO /NXCOMPAT /ignore:4221 .\Release\.\\pointeroverride.obj
         .\Release\.\/cmdlib.obj
         .\Release\.\/filesystem_helpers.obj
         .\Release\.\/filesystem_init.obj
         .\Release\.\/filesystem_tools.obj
         .\Release\.\/memoverride.obj
         .\Release\.\/vice.obj
         ..\..\lib\public\mathlib.lib
         ..\..\lib\public\tier0.lib
         ..\..\lib\public\tier1.lib
         ..\..\lib\public\tier2.lib
         ..\..\lib\public\vstdlib.lib
            Creating library .\Release\.\vice.lib and object .\Release\.\vice.exp
         vice.vcxproj -> C:\Users\Yerkebulan Laptop\Desktop\Modding\GRAI\src\utils\vice\.\Release\.\vice.exe
       PostBuildEvent:
         copy "C:\Users\Yerkebulan Laptop\Desktop\Modding\GRAI\src\utils\vice\Release\"vice.exe ..\..\..\game\bin\.\vice.exe >nul
         if ERRORLEVEL 1 goto BuildEventFailed
         if exist "C:\Users\Yerkebulan Laptop\Desktop\Modding\GRAI\src\utils\vice\Release\"vice.map copy "C:\Users\Yerkebulan Laptop\Desktop\Modding\GRAI\src\utils\vice\Release\"vice.map ..\..\..\game\bin\.\vice.map >nul
         copy "C:\Users\Yerkebulan Laptop\Desktop\Modding\GRAI\src\utils\vice\Release\"vice.pdb ..\..\..\game\bin\.\vice.pdb >nul
         if ERRORLEVEL 1 goto BuildEventFailed
         goto BuildEventOK
         :BuildEventFailed
         echo *** ERROR! PostBuildStep FAILED for Vice! EXE or DLL is probably running. ***
         del /q "C:\Users\Yerkebulan Laptop\Desktop\Modding\GRAI\src\utils\vice\Release\"vice.exe
         exit 1
         :BuildEventOK
         
         :VCEnd
     1>Done Building Project "C:\Users\Yerkebulan Laptop\Desktop\Modding\GRAI\src\utils\vice\vice.vcxproj" (Rebuild target(s)).

Build succeeded.

Time Elapsed 00:00:21.55
