Build started 29.07.2021 14:40:18.
     1>Project "C:\Users\Yerkebulan Laptop\Desktop\Modding\GRAI\src\utils\vrad\vrad_dll.vcxproj" on node 13 (Rebuild target(s)).
     1>PreBuildEvent:
         if EXIST ..\..\..\game\bin\.\vrad_dll.dll for /f "delims=" %%A in ('attrib "..\..\..\game\bin\.\vrad_dll.dll"') do set valveTmpIsReadOnly="%%A"
         set valveTmpIsReadOnlyLetter=%valveTmpIsReadOnly:~6,1%
         if "%valveTmpIsReadOnlyLetter%"=="R" del /q "C:\Users\Yerkebulan Laptop\Desktop\Modding\GRAI\src\utils\vrad\Release\"vrad_dll.dll
         if exist "..\..\devtools\bin\vpc.exe" "..\..\devtools\bin\vpc.exe" -crc2 "vrad_dll.vcxproj"
         if ERRORLEVEL 1 exit /b 1
         
         :VCEnd
       CustomBuild:
         Compiling pointeroverride.asm
          Assembling: C:\Users\Yerkebulan Laptop\Desktop\Modding\GRAI\src\public\tier0\pointeroverride.asm
         Microsoft (R) Macro Assembler Version 12.00.40629.0
         Copyright (C) Microsoft Corporation.  All rights reserved.
         
         Running VPC CRC Check - vrad_dll.vpc
         Access is denied.
       ClCompile:
         C:\Program Files (x86)\Microsoft Visual Studio 12.0\VC\bin\CL.exe /c /I..\..\common /I..\..\public /I..\..\public\tier0 /I..\..\public\tier1 /I..\common /I..\vmpi /I..\vmpi\mysql\mysqlpp\include /I..\vmpi\mysql\include /Zi /nologo /W4 /WX /MP /O2 /Ob2 /Oi /Ot /Oy- /D VPC /D RAD_TELEMETRY_DISABLED /D WIN32 /D _WIN32 /D NDEBUG /D _WINDOWS /D _USRDLL /D _CRT_SECURE_NO_DEPRECATE /D _CRT_NONSTDC_NO_DEPRECATE /D _ALLOW_RUNTIME_LIBRARY_MISMATCH /D _ALLOW_ITERATOR_DEBUG_LEVEL_MISMATCH /D _ALLOW_MSC_VER_MISMATCH /D _USING_V110_SDK71_ /D _WINDLL /D _MBCS /D COMPILER_MSVC32 /D COMPILER_MSVC32 /D COMPILER_MSVC /D _DLL_EXT=.dll /D DLLNAME=vrad_dll /D BINK_VIDEO /D AVI_VIDEO /D WMV_VIDEO /D DEV_BUILD /D FRAME_POINTER_OMISSION_DISABLED /D MPI /D PROTECTED_THINGS_DISABLE /D VRAD /D _EXTERNAL_DLL_EXT=.dll /D VPCGAMECAPS=VALVE /D "PROJECTDIR=C:\Users\Yerkebulan Laptop\Desktop\Modding\GRAI\src\utils\vrad" /D _DLL_EXT=.dll /D SOURCE1=1 /D VPCGAME=valve /GF /Gm- /MT /GS /Gy /arch:SSE /fp:fast /Zc:wchar_t /Zc:forScope /GR /Fo".\Release\.\/" /Fd".\Release\.\/vc120.pdb" /Gd /TP /wd4316 /analyze- /FC /errorReport:prompt /Zm200 /d2Zi+ /Gw ..\..\public\BSPTreeData.cpp ..\..\public\disp_common.cpp ..\..\public\disp_powerinfo.cpp disp_vrad.cpp imagepacker.cpp incremental.cpp leaf_ambient_lighting.cpp lightmap.cpp ..\..\public\loadcmdline.cpp ..\..\public\lumpfiles.cpp macro_texture.cpp ..\..\public\tier0\memoverride.cpp ..\common\mpi_stats.cpp mpivrad.cpp ..\common\MySqlDatabase.cpp ..\common\pacifier.cpp ..\common\physdll.cpp radial.cpp SampleHash.cpp trace.cpp ..\common\utilmatlib.cpp vismat.cpp ..\common\vmpi_tools_shared.cpp vrad.cpp VRAD_DispColl.cpp VradDetailProps.cpp VRadDisps.cpp vraddll.cpp VRadStaticProps.cpp ..\..\public\zip_utils.cpp ..\common\bsplib.cpp ..\..\public\builddisp.cpp ..\..\public\ChunkFile.cpp ..\common\cmdlib.cpp ..\..\public\DispColl_Common.cpp ..\common\map_shared.cpp ..\common\polylib.cpp ..\common\scriplib.cpp ..\common\threads.cpp ..\common\tools_minidump.cpp ..\..\public\CollisionUtils.cpp ..\..\public\filesystem_helpers.cpp ..\..\public\ScratchPad3D.cpp ..\..\public\ScratchPadUtils.cpp
         BSPTreeData.cpp
         disp_common.cpp
         disp_powerinfo.cpp
         disp_vrad.cpp
         imagepacker.cpp
         incremental.cpp
         leaf_ambient_lighting.cpp
         lightmap.cpp
         loadcmdline.cpp
         lumpfiles.cpp
         macro_texture.cpp
         memoverride.cpp
         mpi_stats.cpp
         mpivrad.cpp
         MySqlDatabase.cpp
         pacifier.cpp
         physdll.cpp
         radial.cpp
         SampleHash.cpp
         trace.cpp
         utilmatlib.cpp
         vismat.cpp
         vmpi_tools_shared.cpp
         vrad.cpp
         VRAD_DispColl.cpp
         VradDetailProps.cpp
         VRadDisps.cpp
         vraddll.cpp
         VRadStaticProps.cpp
         zip_utils.cpp
         bsplib.cpp
         builddisp.cpp
         ChunkFile.cpp
         cmdlib.cpp
         DispColl_Common.cpp
         map_shared.cpp
         polylib.cpp
         scriplib.cpp
         threads.cpp
         tools_minidump.cpp
         CollisionUtils.cpp
         filesystem_helpers.cpp
         ScratchPad3D.cpp
         ScratchPadUtils.cpp
       Link:
         C:\Program Files (x86)\Microsoft Visual Studio 12.0\VC\bin\link.exe /ERRORREPORT:PROMPT /OUT:".\Release\.\\vrad_dll.dll" /INCREMENTAL:NO /NOLOGO /LIBPATH:..\..\lib\common\. /LIBPATH:..\..\lib\public\. shell32.lib user32.lib advapi32.lib gdi32.lib comdlg32.lib ole32.lib ws2_32.lib /NODEFAULTLIB:libc /NODEFAULTLIB:libcd /NODEFAULTLIB:libcmtd /MANIFEST:NO /DEBUG /PDB:".\Release\.\/vrad_dll.pdb" /SUBSYSTEM:WINDOWS,"5.01" /OPT:REF /OPT:NOICF /TLBID:1 /DYNAMICBASE:NO /NXCOMPAT /IMPLIB:".\Release\.\vrad_dll.lib" /MACHINE:X86 /SAFESEH:NO  /ignore:4221 /DLL .\Release\.\\pointeroverride.obj
         .\Release\.\/BSPTreeData.obj
         .\Release\.\/disp_common.obj
         .\Release\.\/disp_powerinfo.obj
         .\Release\.\/disp_vrad.obj
         .\Release\.\/imagepacker.obj
         .\Release\.\/incremental.obj
         .\Release\.\/leaf_ambient_lighting.obj
         .\Release\.\/lightmap.obj
         .\Release\.\/loadcmdline.obj
         .\Release\.\/lumpfiles.obj
         .\Release\.\/macro_texture.obj
         .\Release\.\/memoverride.obj
         .\Release\.\/mpi_stats.obj
         .\Release\.\/mpivrad.obj
         .\Release\.\/MySqlDatabase.obj
         .\Release\.\/pacifier.obj
         .\Release\.\/physdll.obj
         .\Release\.\/radial.obj
         .\Release\.\/SampleHash.obj
         .\Release\.\/trace.obj
         .\Release\.\/utilmatlib.obj
         .\Release\.\/vismat.obj
         .\Release\.\/vmpi_tools_shared.obj
         .\Release\.\/vrad.obj
         .\Release\.\/VRAD_DispColl.obj
         .\Release\.\/VradDetailProps.obj
         .\Release\.\/VRadDisps.obj
         .\Release\.\/vraddll.obj
         .\Release\.\/VRadStaticProps.obj
         .\Release\.\/zip_utils.obj
         .\Release\.\/bsplib.obj
         .\Release\.\/builddisp.obj
         .\Release\.\/ChunkFile.obj
         .\Release\.\/cmdlib.obj
         .\Release\.\/DispColl_Common.obj
         .\Release\.\/map_shared.obj
         .\Release\.\/polylib.obj
         .\Release\.\/scriplib.obj
         .\Release\.\/threads.obj
         .\Release\.\/tools_minidump.obj
         .\Release\.\/CollisionUtils.obj
         .\Release\.\/filesystem_helpers.obj
         .\Release\.\/ScratchPad3D.obj
         .\Release\.\/ScratchPadUtils.obj
         ..\..\lib\public\bitmap.lib
         ..\..\lib\public\mathlib.lib
         ..\..\lib\public\raytrace.lib
         ..\..\lib\public\tier0.lib
         ..\..\lib\public\tier1.lib
         ..\..\lib\public\tier2.lib
         ..\..\lib\public\vmpi.lib
         ..\..\lib\public\vstdlib.lib
         ..\..\lib\public\vtf.lib
            Creating library .\Release\.\vrad_dll.lib and object .\Release\.\vrad_dll.exp
         vrad_dll.vcxproj -> C:\Users\Yerkebulan Laptop\Desktop\Modding\GRAI\src\utils\vrad\.\Release\.\vrad_dll.dll
       PostBuildEvent:
         if not exist "..\..\..\game\bin\." mkdir "..\..\..\game\bin\."
         copy "C:\Users\Yerkebulan Laptop\Desktop\Modding\GRAI\src\utils\vrad\Release\vrad_dll.dll" "..\..\..\game\bin\.\vrad_dll.dll"
         if ERRORLEVEL 1 goto BuildEventFailed
         if exist "C:\Users\Yerkebulan Laptop\Desktop\Modding\GRAI\src\utils\vrad\Release\vrad_dll.map" copy "C:\Users\Yerkebulan Laptop\Desktop\Modding\GRAI\src\utils\vrad\Release\vrad_dll.map" ..\..\..\game\bin\.\vrad_dll.map
         copy "C:\Users\Yerkebulan Laptop\Desktop\Modding\GRAI\src\utils\vrad\Release\vrad_dll.pdb" ..\..\..\game\bin\.\vrad_dll.pdb
         if ERRORLEVEL 1 goto BuildEventFailed
         goto BuildEventOK
         :BuildEventFailed
         echo *** ERROR! PostBuildStep FAILED for Vrad_dll! EXE or DLL is probably running. ***
         del /q "C:\Users\Yerkebulan Laptop\Desktop\Modding\GRAI\src\utils\vrad\Release\vrad_dll.dll"
         exit 1
         :BuildEventOK
         
         :VCEnd
                 1 file(s) copied.
                 1 file(s) copied.
     1>Done Building Project "C:\Users\Yerkebulan Laptop\Desktop\Modding\GRAI\src\utils\vrad\vrad_dll.vcxproj" (Rebuild target(s)).

Build succeeded.

Time Elapsed 00:00:57.89
