Build started 29.07.2021 14:40:25.
     1>Project "C:\Users\Yerkebulan Laptop\Desktop\Modding\GRAI\src\utils\vtf2tga\vtf2tga.vcxproj" on node 2 (Rebuild target(s)).
     1>PreBuildEvent:
         if EXIST ..\..\..\game\bin\.\vtf2tga.exe for /f "delims=" %%A in ('attrib "..\..\..\game\bin\.\vtf2tga.exe"') do set valveTmpIsReadOnly="%%A"
         set valveTmpIsReadOnlyLetter=%valveTmpIsReadOnly:~6,1%
         if "%valveTmpIsReadOnlyLetter%"=="R" del /q "C:\Users\Yerkebulan Laptop\Desktop\Modding\GRAI\src\utils\vtf2tga\Release\"vtf2tga.exe
         if exist "..\..\devtools\bin\vpc.exe" "..\..\devtools\bin\vpc.exe" -crc2 "vtf2tga.vcxproj"
         if ERRORLEVEL 1 exit /b 1
         
         :VCEnd
       CustomBuild:
         Compiling pointeroverride.asm
          Assembling: C:\Users\Yerkebulan Laptop\Desktop\Modding\GRAI\src\public\tier0\pointeroverride.asm
         Microsoft (R) Macro Assembler Version 12.00.40629.0
         Copyright (C) Microsoft Corporation.  All rights reserved.
         
         Running VPC CRC Check - vtf2tga.vpc
         Access is denied.
       ClCompile:
         C:\Program Files (x86)\Microsoft Visual Studio 12.0\VC\bin\CL.exe /c /I..\..\common /I..\..\public /I..\..\public\tier0 /I..\..\public\tier1 /Zi /nologo /W4 /WX /MP /O2 /Ob2 /Oi /Ot /Oy- /D VPC /D RAD_TELEMETRY_DISABLED /D WIN32 /D _WIN32 /D NDEBUG /D _WINDOWS /D _CRT_SECURE_NO_DEPRECATE /D _CRT_NONSTDC_NO_DEPRECATE /D _ALLOW_RUNTIME_LIBRARY_MISMATCH /D _ALLOW_ITERATOR_DEBUG_LEVEL_MISMATCH /D _ALLOW_MSC_VER_MISMATCH /D _USING_V110_SDK71_ /D _MBCS /D COMPILER_MSVC32 /D COMPILER_MSVC32 /D COMPILER_MSVC /D EXENAME=vtf2tga /D _DLL_EXT=.dll /D DEV_BUILD /D FRAME_POINTER_OMISSION_DISABLED /D _EXTERNAL_DLL_EXT=.dll /D VPCGAMECAPS=VALVE /D "PROJECTDIR=C:\Users\Yerkebulan Laptop\Desktop\Modding\GRAI\src\utils\vtf2tga" /D _DLL_EXT=.dll /D SOURCE1=1 /D VPCGAME=valve /GF /Gm- /MT /GS /Gy /arch:SSE /fp:fast /Zc:wchar_t /Zc:forScope /GR /openmp- /Fo".\Release\.\/" /Fd".\Release\.\/vc120.pdb" /Gd /TP /wd4316 /analyze- /FC /errorReport:prompt  /d2Zi+ /Gw ..\..\public\tier0\memoverride.cpp vtf2tga.cpp
         memoverride.cpp
         vtf2tga.cpp
       Link:
         C:\Program Files (x86)\Microsoft Visual Studio 12.0\VC\bin\link.exe /ERRORREPORT:PROMPT /OUT:".\Release\.\\vtf2tga.exe" /INCREMENTAL:NO /NOLOGO shell32.lib user32.lib advapi32.lib gdi32.lib comdlg32.lib ole32.lib /NODEFAULTLIB:libc /NODEFAULTLIB:libcd /NODEFAULTLIB:libcmtd /MANIFEST /MANIFESTUAC:"level='asInvoker' uiAccess='false'" /manifest:embed /DEBUG /PDB:".\Release\.\/vtf2tga.pdb" /SUBSYSTEM:CONSOLE,"5.01" /OPT:REF /OPT:NOICF /TLBID:1 /DYNAMICBASE:NO /NXCOMPAT /IMPLIB:".\Release\.\vtf2tga.lib" /MACHINE:X86 /SAFESEH:NO /NXCOMPAT /ignore:4221 .\Release\.\\pointeroverride.obj
         .\Release\.\/memoverride.obj
         .\Release\.\/vtf2tga.obj
         ..\..\lib\public\bitmap.lib
         ..\..\lib\public\mathlib.lib
         ..\..\lib\public\tier0.lib
         ..\..\lib\public\tier1.lib
         ..\..\lib\public\tier2.lib
         ..\..\lib\public\vstdlib.lib
         ..\..\lib\public\vtf.lib
            Creating library .\Release\.\vtf2tga.lib and object .\Release\.\vtf2tga.exp
         vtf2tga.vcxproj -> C:\Users\Yerkebulan Laptop\Desktop\Modding\GRAI\src\utils\vtf2tga\.\Release\.\vtf2tga.exe
       PostBuildEvent:
         copy "C:\Users\Yerkebulan Laptop\Desktop\Modding\GRAI\src\utils\vtf2tga\Release\"vtf2tga.exe ..\..\..\game\bin\.\vtf2tga.exe >nul
         if ERRORLEVEL 1 goto BuildEventFailed
         if exist "C:\Users\Yerkebulan Laptop\Desktop\Modding\GRAI\src\utils\vtf2tga\Release\"vtf2tga.map copy "C:\Users\Yerkebulan Laptop\Desktop\Modding\GRAI\src\utils\vtf2tga\Release\"vtf2tga.map ..\..\..\game\bin\.\vtf2tga.map >nul
         copy "C:\Users\Yerkebulan Laptop\Desktop\Modding\GRAI\src\utils\vtf2tga\Release\"vtf2tga.pdb ..\..\..\game\bin\.\vtf2tga.pdb >nul
         if ERRORLEVEL 1 goto BuildEventFailed
         goto BuildEventOK
         :BuildEventFailed
         echo *** ERROR! PostBuildStep FAILED for Vtf2tga! EXE or DLL is probably running. ***
         del /q "C:\Users\Yerkebulan Laptop\Desktop\Modding\GRAI\src\utils\vtf2tga\Release\"vtf2tga.exe
         exit 1
         :BuildEventOK
         
         :VCEnd
     1>Done Building Project "C:\Users\Yerkebulan Laptop\Desktop\Modding\GRAI\src\utils\vtf2tga\vtf2tga.vcxproj" (Rebuild target(s)).

Build succeeded.

Time Elapsed 00:00:15.80
