Build started 29.07.2021 14:40:14.
     1>Project "C:\Users\Yerkebulan Laptop\Desktop\Modding\GRAI\src\utils\vbsp\vbsp.vcxproj" on node 10 (Rebuild target(s)).
     1>PreBuildEvent:
         if EXIST ..\..\..\game\bin\.\vbsp.exe for /f "delims=" %%A in ('attrib "..\..\..\game\bin\.\vbsp.exe"') do set valveTmpIsReadOnly="%%A"
         set valveTmpIsReadOnlyLetter=%valveTmpIsReadOnly:~6,1%
         if "%valveTmpIsReadOnlyLetter%"=="R" del /q "C:\Users\Yerkebulan Laptop\Desktop\Modding\GRAI\src\utils\vbsp\Release\"vbsp.exe
         if exist "..\..\devtools\bin\vpc.exe" "..\..\devtools\bin\vpc.exe" -crc2 "vbsp.vcxproj"
         if ERRORLEVEL 1 exit /b 1
         
         :VCEnd
       CustomBuild:
         Compiling pointeroverride.asm
          Assembling: C:\Users\Yerkebulan Laptop\Desktop\Modding\GRAI\src\public\tier0\pointeroverride.asm
         Microsoft (R) Macro Assembler Version 12.00.40629.0
         Copyright (C) Microsoft Corporation.  All rights reserved.
         
         Running VPC CRC Check - vbsp.vpc
         Access is denied.
       ClCompile:
         C:\Program Files (x86)\Microsoft Visual Studio 12.0\VC\bin\CL.exe /c /I..\..\common /I..\..\public /I..\..\public\tier0 /I..\..\public\tier1 /I..\common /I..\vmpi /Zi /nologo /W4 /WX /MP /O2 /Ob2 /Oi /Ot /Oy- /D VPC /D RAD_TELEMETRY_DISABLED /D WIN32 /D _WIN32 /D NDEBUG /D _WINDOWS /D _CRT_SECURE_NO_DEPRECATE /D _CRT_NONSTDC_NO_DEPRECATE /D _ALLOW_RUNTIME_LIBRARY_MISMATCH /D _ALLOW_ITERATOR_DEBUG_LEVEL_MISMATCH /D _ALLOW_MSC_VER_MISMATCH /D _USING_V110_SDK71_ /D _MBCS /D COMPILER_MSVC32 /D COMPILER_MSVC32 /D COMPILER_MSVC /D EXENAME=vbsp /D _DLL_EXT=.dll /D DEV_BUILD /D FRAME_POINTER_OMISSION_DISABLED /D MACRO_MATHLIB /D PROTECTED_THINGS_DISABLE /D _EXTERNAL_DLL_EXT=.dll /D VPCGAMECAPS=VALVE /D "PROJECTDIR=C:\Users\Yerkebulan Laptop\Desktop\Modding\GRAI\src\utils\vbsp" /D _DLL_EXT=.dll /D VPCGAME=valve /D SOURCE1=1 /GF /Gm- /MT /GS /Gy /arch:SSE /fp:fast /Zc:wchar_t /Zc:forScope /GR /openmp- /Fo".\Release\.\/" /Fd".\Release\.\/vc120.pdb" /Gd /TP /wd4316 /analyze- /FC /errorReport:prompt  /d2Zi+ /Gw boundbox.cpp brushbsp.cpp ..\..\public\CollisionUtils.cpp csg.cpp cubemap.cpp detail.cpp detailObjects.cpp ..\..\public\disp_common.cpp disp_ivp.cpp ..\..\public\disp_powerinfo.cpp disp_vbsp.cpp faces.cpp glfile.cpp ivp.cpp leakfile.cpp ..\..\public\loadcmdline.cpp ..\..\public\lumpfiles.cpp manifest.cpp map.cpp materialpatch.cpp materialsub.cpp ..\..\public\tier0\memoverride.cpp ..\common\mstristrip.cpp nodraw.cpp normals.cpp overlay.cpp ..\common\physdll.cpp portals.cpp prtfile.cpp ..\..\public\ScratchPad3D.cpp ..\common\scratchpad_helpers.cpp StaticProp.cpp textures.cpp tree.cpp ..\common\utilmatlib.cpp vbsp.cpp worldvertextransitionfixup.cpp writebsp.cpp ..\..\public\zip_utils.cpp ..\common\bsplib.cpp ..\..\public\builddisp.cpp ..\..\public\ChunkFile.cpp ..\common\cmdlib.cpp ..\..\public\filesystem_helpers.cpp ..\..\public\filesystem_init.cpp ..\common\filesystem_tools.cpp ..\common\map_shared.cpp ..\common\pacifier.cpp ..\common\polylib.cpp ..\common\scriplib.cpp ..\common\threads.cpp ..\common\tools_minidump.cpp
         boundbox.cpp
         brushbsp.cpp
         CollisionUtils.cpp
         csg.cpp
         cubemap.cpp
         detail.cpp
         detailObjects.cpp
         disp_common.cpp
         disp_ivp.cpp
         disp_powerinfo.cpp
         disp_vbsp.cpp
         faces.cpp
         glfile.cpp
         ivp.cpp
         leakfile.cpp
         loadcmdline.cpp
         lumpfiles.cpp
         manifest.cpp
         map.cpp
         materialpatch.cpp
         materialsub.cpp
         memoverride.cpp
         mstristrip.cpp
         nodraw.cpp
         normals.cpp
         overlay.cpp
         physdll.cpp
         portals.cpp
         prtfile.cpp
         ScratchPad3D.cpp
         scratchpad_helpers.cpp
         StaticProp.cpp
         textures.cpp
         tree.cpp
         utilmatlib.cpp
         vbsp.cpp
         worldvertextransitionfixup.cpp
         writebsp.cpp
         zip_utils.cpp
         bsplib.cpp
         builddisp.cpp
         ChunkFile.cpp
         cmdlib.cpp
         filesystem_helpers.cpp
         filesystem_init.cpp
         filesystem_tools.cpp
         map_shared.cpp
         pacifier.cpp
         polylib.cpp
         scriplib.cpp
         threads.cpp
         tools_minidump.cpp
       Link:
         C:\Program Files (x86)\Microsoft Visual Studio 12.0\VC\bin\link.exe /ERRORREPORT:PROMPT /OUT:".\Release\.\\vbsp.exe" /INCREMENTAL:NO /NOLOGO shell32.lib user32.lib advapi32.lib gdi32.lib comdlg32.lib ole32.lib ws2_32.lib odbc32.lib odbccp32.lib winmm.lib /NODEFAULTLIB:libc /NODEFAULTLIB:libcd /NODEFAULTLIB:libcmtd /MANIFEST /MANIFESTUAC:"level='asInvoker' uiAccess='false'" /manifest:embed /DEBUG /PDB:".\Release\.\/vbsp.pdb" /SUBSYSTEM:CONSOLE,"5.01" /OPT:REF /OPT:NOICF /TLBID:1 /DYNAMICBASE:NO /NXCOMPAT /IMPLIB:".\Release\.\vbsp.lib" /MACHINE:X86 /SAFESEH:NO /NXCOMPAT /ignore:4221 .\Release\.\\pointeroverride.obj
         .\Release\.\/boundbox.obj
         .\Release\.\/brushbsp.obj
         .\Release\.\/CollisionUtils.obj
         .\Release\.\/csg.obj
         .\Release\.\/cubemap.obj
         .\Release\.\/detail.obj
         .\Release\.\/detailObjects.obj
         .\Release\.\/disp_common.obj
         .\Release\.\/disp_ivp.obj
         .\Release\.\/disp_powerinfo.obj
         .\Release\.\/disp_vbsp.obj
         .\Release\.\/faces.obj
         .\Release\.\/glfile.obj
         .\Release\.\/ivp.obj
         .\Release\.\/leakfile.obj
         .\Release\.\/loadcmdline.obj
         .\Release\.\/lumpfiles.obj
         .\Release\.\/manifest.obj
         .\Release\.\/map.obj
         .\Release\.\/materialpatch.obj
         .\Release\.\/materialsub.obj
         .\Release\.\/memoverride.obj
         .\Release\.\/mstristrip.obj
         .\Release\.\/nodraw.obj
         .\Release\.\/normals.obj
         .\Release\.\/overlay.obj
         .\Release\.\/physdll.obj
         .\Release\.\/portals.obj
         .\Release\.\/prtfile.obj
         .\Release\.\/ScratchPad3D.obj
         .\Release\.\/scratchpad_helpers.obj
         .\Release\.\/StaticProp.obj
         .\Release\.\/textures.obj
         .\Release\.\/tree.obj
         .\Release\.\/utilmatlib.obj
         .\Release\.\/vbsp.obj
         .\Release\.\/worldvertextransitionfixup.obj
         .\Release\.\/writebsp.obj
         .\Release\.\/zip_utils.obj
         .\Release\.\/bsplib.obj
         .\Release\.\/builddisp.obj
         .\Release\.\/ChunkFile.obj
         .\Release\.\/cmdlib.obj
         .\Release\.\/filesystem_helpers.obj
         .\Release\.\/filesystem_init.obj
         .\Release\.\/filesystem_tools.obj
         .\Release\.\/map_shared.obj
         .\Release\.\/pacifier.obj
         .\Release\.\/polylib.obj
         .\Release\.\/scriplib.obj
         .\Release\.\/threads.obj
         .\Release\.\/tools_minidump.obj
         ..\..\lib\public\bitmap.lib
         ..\..\lib\public\fgdlib.lib
         ..\..\lib\public\mathlib.lib
         ..\..\lib\public\tier0.lib
         ..\..\lib\public\tier1.lib
         ..\..\lib\public\tier2.lib
         ..\..\lib\public\vstdlib.lib
         ..\..\lib\public\vtf.lib
            Creating library .\Release\.\vbsp.lib and object .\Release\.\vbsp.exp
         vbsp.vcxproj -> C:\Users\Yerkebulan Laptop\Desktop\Modding\GRAI\src\utils\vbsp\.\Release\.\vbsp.exe
       PostBuildEvent:
         copy "C:\Users\Yerkebulan Laptop\Desktop\Modding\GRAI\src\utils\vbsp\Release\"vbsp.exe ..\..\..\game\bin\.\vbsp.exe >nul
         if ERRORLEVEL 1 goto BuildEventFailed
         if exist "C:\Users\Yerkebulan Laptop\Desktop\Modding\GRAI\src\utils\vbsp\Release\"vbsp.map copy "C:\Users\Yerkebulan Laptop\Desktop\Modding\GRAI\src\utils\vbsp\Release\"vbsp.map ..\..\..\game\bin\.\vbsp.map >nul
         copy "C:\Users\Yerkebulan Laptop\Desktop\Modding\GRAI\src\utils\vbsp\Release\"vbsp.pdb ..\..\..\game\bin\.\vbsp.pdb >nul
         if ERRORLEVEL 1 goto BuildEventFailed
         goto BuildEventOK
         :BuildEventFailed
         echo *** ERROR! PostBuildStep FAILED for Vbsp! EXE or DLL is probably running. ***
         del /q "C:\Users\Yerkebulan Laptop\Desktop\Modding\GRAI\src\utils\vbsp\Release\"vbsp.exe
         exit 1
         :BuildEventOK
         
         :VCEnd
     1>Done Building Project "C:\Users\Yerkebulan Laptop\Desktop\Modding\GRAI\src\utils\vbsp\vbsp.vcxproj" (Rebuild target(s)).

Build succeeded.

Time Elapsed 00:01:06.58
